Determining if the pthread_create exist failed with the following output:
Change Dir: /home/local.isima.fr/qufaure1/shared/TP_mod/TP1/build/CMakeFiles/CMakeTmp

Run Build Command(s):/usr/bin/gmake cmTC_a50db/fast 
/usr/bin/gmake -f CMakeFiles/cmTC_a50db.dir/build.make CMakeFiles/cmTC_a50db.dir/build
gmake[1] : on entre dans le répertoire « /mnt/local.isima.fr/qufaure1/TP_mod/TP1/build/CMakeFiles/CMakeTmp »
Building C object CMakeFiles/cmTC_a50db.dir/CheckSymbolExists.c.o
/usr/lib64/ccache/cc    -o CMakeFiles/cmTC_a50db.dir/CheckSymbolExists.c.o   -c /home/local.isima.fr/qufaure1/shared/TP_mod/TP1/build/CMakeFiles/CMakeTmp/CheckSymbolExists.c
Linking C executable cmTC_a50db
/usr/bin/cmake -E cmake_link_script CMakeFiles/cmTC_a50db.dir/link.txt --verbose=1
/usr/lib64/ccache/cc      -rdynamic CMakeFiles/cmTC_a50db.dir/CheckSymbolExists.c.o  -o cmTC_a50db 
/usr/bin/ld: CMakeFiles/cmTC_a50db.dir/CheckSymbolExists.c.o: in function `main':
CheckSymbolExists.c:(.text+0x16): undefined reference to `pthread_create'
collect2: error: ld a retourné le statut de sortie 1
gmake[1]: *** [CMakeFiles/cmTC_a50db.dir/build.make:87: cmTC_a50db] Error 1
gmake[1] : on quitte le répertoire « /mnt/local.isima.fr/qufaure1/TP_mod/TP1/build/CMakeFiles/CMakeTmp »
gmake: *** [Makefile:121: cmTC_a50db/fast] Error 2

File /home/local.isima.fr/qufaure1/shared/TP_mod/TP1/build/CMakeFiles/CMakeTmp/CheckSymbolExists.c:
/* */
#include <pthread.h>

int main(int argc, char** argv)
{
  (void)argv;
#ifndef pthread_create
  return ((int*)(&pthread_create))[argc];
#else
  (void)argc;
  return 0;
#endif
}

Determining if the function pthread_create exists in the pthreads failed with the following output:
Change Dir: /home/local.isima.fr/qufaure1/shared/TP_mod/TP1/build/CMakeFiles/CMakeTmp

Run Build Command(s):/usr/bin/gmake cmTC_e5e76/fast 
/usr/bin/gmake -f CMakeFiles/cmTC_e5e76.dir/build.make CMakeFiles/cmTC_e5e76.dir/build
gmake[1] : on entre dans le répertoire « /mnt/local.isima.fr/qufaure1/TP_mod/TP1/build/CMakeFiles/CMakeTmp »
Building C object CMakeFiles/cmTC_e5e76.dir/CheckFunctionExists.c.o
/usr/lib64/ccache/cc   -DCHECK_FUNCTION_EXISTS=pthread_create   -o CMakeFiles/cmTC_e5e76.dir/CheckFunctionExists.c.o   -c /usr/share/cmake/Modules/CheckFunctionExists.c
Linking C executable cmTC_e5e76
/usr/bin/cmake -E cmake_link_script CMakeFiles/cmTC_e5e76.dir/link.txt --verbose=1
/usr/lib64/ccache/cc  -DCHECK_FUNCTION_EXISTS=pthread_create    -rdynamic CMakeFiles/cmTC_e5e76.dir/CheckFunctionExists.c.o  -o cmTC_e5e76 -lpthreads 
/usr/bin/ld : ne peut trouver -lpthreads
collect2: error: ld a retourné le statut de sortie 1
gmake[1]: *** [CMakeFiles/cmTC_e5e76.dir/build.make:87: cmTC_e5e76] Error 1
gmake[1] : on quitte le répertoire « /mnt/local.isima.fr/qufaure1/TP_mod/TP1/build/CMakeFiles/CMakeTmp »
gmake: *** [Makefile:121: cmTC_e5e76/fast] Error 2


